<?xml version="1.0" encoding="UTF-8"?>
<!-- Generated by org.testng.reporters.JUnitXMLReporter -->
<testsuite ignored="2" hostname="AGC02ZJ1MULVDQ" failures="0" tests="1" name="Default test" time="0.036" errors="0" timestamp="2023-08-28T22:33:30 EDT">
  <testcase classname="TestNGSessions.TestNGBasics" name="checkUserProfile" time="0.006"/>
  <testcase classname="TestNGSessions.TestNGBasics" name="getUserInfoTest" time="0.0">
    <ignored/>
  </testcase> <!-- getUserInfoTest -->
  <testcase classname="TestNGSessions.TestNGBasics" name="checkUserIsActiveTest" time="0.0">
    <ignored/>
  </testcase> <!-- checkUserIsActiveTest -->
</testsuite> <!-- Default test -->
