<?xml version="1.0" encoding="UTF-8"?>
<!-- Generated by org.testng.reporters.JUnitXMLReporter -->
<testsuite ignored="0" hostname="AGC02ZJ1MULVDQ" failures="0" tests="3" name="Default test" time="19.443" errors="0" timestamp="2023-09-07T22:05:50 EDT">
  <testcase classname="com.my.tests.AmazonTestWithBeforeMethod" name="amazonTitleTest" time="1.349"/>
  <testcase classname="com.my.tests.AmazonTestWithBeforeMethod" name="amazonURLTest" time="1.383"/>
  <testcase classname="com.my.tests.AmazonTestWithBeforeMethod" name="mobilesLinkPresentTest" time="1.468"/>
</testsuite> <!-- Default test -->
