<?xml version="1.0" encoding="UTF-8"?>
<testng-results ignored="0" total="3" passed="3" failed="0" skipped="0">
  <reporter-output>
  </reporter-output>
  <suite started-at="2023-10-10T22:10:53 EDT" name="Default suite" finished-at="2023-10-10T22:11:00 EDT" duration-ms="6977">
    <groups>
    </groups>
    <test started-at="2023-10-10T22:10:53 EDT" name="Default test" finished-at="2023-10-10T22:11:00 EDT" duration-ms="6977">
      <class name="com.qa.hubspot.tests.LoginPageTest">
        <test-method is-config="true" signature="setUp()[pri:0, instance:com.qa.hubspot.tests.LoginPageTest@3943a2be]" started-at="2023-10-10T22:10:53 EDT" name="setUp" finished-at="2023-10-10T22:10:55 EDT" duration-ms="2348" status="PASS">
          <reporter-output>
          </reporter-output>
        </test-method> <!-- setUp -->
        <test-method signature="verifySignUpLinkTest()[pri:1, instance:com.qa.hubspot.tests.LoginPageTest@3943a2be]" started-at="2023-10-10T22:10:55 EDT" name="verifySignUpLinkTest" finished-at="2023-10-10T22:10:56 EDT" duration-ms="104" status="PASS">
          <reporter-output>
          </reporter-output>
        </test-method> <!-- verifySignUpLinkTest -->
        <test-method is-config="true" signature="tearDown()[pri:0, instance:com.qa.hubspot.tests.LoginPageTest@3943a2be]" started-at="2023-10-10T22:10:56 EDT" name="tearDown" finished-at="2023-10-10T22:10:56 EDT" duration-ms="302" status="PASS">
          <reporter-output>
          </reporter-output>
        </test-method> <!-- tearDown -->
        <test-method is-config="true" signature="setUp()[pri:0, instance:com.qa.hubspot.tests.LoginPageTest@3943a2be]" started-at="2023-10-10T22:10:56 EDT" name="setUp" finished-at="2023-10-10T22:10:58 EDT" duration-ms="1948" status="PASS">
          <reporter-output>
          </reporter-output>
        </test-method> <!-- setUp -->
        <test-method signature="loginTest()[pri:2, instance:com.qa.hubspot.tests.LoginPageTest@3943a2be]" started-at="2023-10-10T22:10:58 EDT" name="loginTest" finished-at="2023-10-10T22:10:58 EDT" duration-ms="221" status="PASS">
          <reporter-output>
          </reporter-output>
        </test-method> <!-- loginTest -->
        <test-method is-config="true" signature="tearDown()[pri:0, instance:com.qa.hubspot.tests.LoginPageTest@3943a2be]" started-at="2023-10-10T22:10:58 EDT" name="tearDown" finished-at="2023-10-10T22:10:58 EDT" duration-ms="316" status="PASS">
          <reporter-output>
          </reporter-output>
        </test-method> <!-- tearDown -->
        <test-method is-config="true" signature="setUp()[pri:0, instance:com.qa.hubspot.tests.LoginPageTest@3943a2be]" started-at="2023-10-10T22:10:58 EDT" name="setUp" finished-at="2023-10-10T22:11:00 EDT" duration-ms="1351" status="PASS">
          <reporter-output>
          </reporter-output>
        </test-method> <!-- setUp -->
        <test-method signature="verifyLoginPageTitleTest()[pri:3, instance:com.qa.hubspot.tests.LoginPageTest@3943a2be]" started-at="2023-10-10T22:11:00 EDT" name="verifyLoginPageTitleTest" finished-at="2023-10-10T22:11:00 EDT" duration-ms="11" status="PASS">
          <reporter-output>
          </reporter-output>
        </test-method> <!-- verifyLoginPageTitleTest -->
        <test-method is-config="true" signature="tearDown()[pri:0, instance:com.qa.hubspot.tests.LoginPageTest@3943a2be]" started-at="2023-10-10T22:11:00 EDT" name="tearDown" finished-at="2023-10-10T22:11:00 EDT" duration-ms="337" status="PASS">
          <reporter-output>
          </reporter-output>
        </test-method> <!-- tearDown -->
      </class> <!-- com.qa.hubspot.tests.LoginPageTest -->
    </test> <!-- Default test -->
  </suite> <!-- Default suite -->
</testng-results>
