<?xml version="1.0" encoding="UTF-8"?>
<!-- Generated by org.testng.reporters.JUnitXMLReporter -->
<testsuite ignored="0" hostname="AGC02ZJ1MULVDQ" failures="0" tests="3" name="Default test" time="6.977" errors="0" timestamp="2023-10-10T22:11:00 EDT">
  <testcase classname="com.qa.hubspot.tests.LoginPageTest" name="verifySignUpLinkTest" time="0.104"/>
  <testcase classname="com.qa.hubspot.tests.LoginPageTest" name="loginTest" time="0.221"/>
  <testcase classname="com.qa.hubspot.tests.LoginPageTest" name="verifyLoginPageTitleTest" time="0.011"/>
</testsuite> <!-- Default test -->
