<?xml version="1.0" encoding="UTF-8"?>
<!-- Generated by org.testng.reporters.JUnitXMLReporter -->
<testsuite ignored="0" hostname="AGC02ZJ1MULVDQ" failures="0" tests="7" name="Amazon Test" time="29.635" errors="0" timestamp="2023-09-07T22:16:42 EDT">
  <testcase classname="com.my.tests.AmazonTestWithBeforeMethod" name="amazonTitleTest" time="1.989"/>
  <testcase classname="com.my.tests.GoogleTest" name="googleTitleTest" time="2.306"/>
  <testcase classname="com.my.tests.RediffTest" name="rediffTitleTest" time="2.757"/>
  <testcase classname="com.my.tests.GoogleTest" name="googleURLTest" time="3.328"/>
  <testcase classname="com.my.tests.AmazonTestWithBeforeMethod" name="amazonURLTest" time="2.107"/>
  <testcase classname="com.my.tests.RediffTest" name="rediffURLTest" time="4.394"/>
  <testcase classname="com.my.tests.AmazonTestWithBeforeMethod" name="mobilesLinkPresentTest" time="1.978"/>
</testsuite> <!-- Amazon Test -->
