<?xml version="1.0" encoding="UTF-8"?>
<!-- Generated by org.testng.reporters.JUnitXMLReporter -->
<testsuite ignored="0" hostname="AGC02ZJ1MULVDQ" failures="0" tests="6" name="Rediff Test" time="15.131" errors="0" timestamp="2023-10-19T21:11:50 EDT">
  <testcase classname="com.my.tests.AmazonTestWithBeforeMethod" name="amazonTitleTest" time="1.245"/>
  <testcase classname="com.my.tests.GoogleTest" name="googleTitleTest" time="1.393"/>
  <testcase classname="com.my.tests.RediffTest" name="rediffTitleTest" time="2.078"/>
  <testcase classname="com.my.tests.AmazonTestWithBeforeMethod" name="amazonURLTest" time="1.212"/>
  <testcase classname="com.my.tests.GoogleTest" name="googleURLTest" time="1.593"/>
  <testcase classname="com.my.tests.RediffTest" name="rediffURLTest" time="1.536"/>
</testsuite> <!-- Rediff Test -->
